Searching for include files...
Searching for example files...
Searching for files in directory F:/Users/Peter/Downloads/asuro-code-212-tags-2.8.0-rc2
Searching for images...
Searching for files in directory F:/Users/Peter/Downloads/asuro-code-212-tags-2.8.0-rc2/doc_en
Searching for dot files...
Searching for msc files...
Searching for files to exclude
Searching for files to process...
Searching for files in directory F:/Users/Peter/Downloads/asuro-code-212-tags-2.8.0-rc2/doc_en
Searching for files in directory F:/Users/Peter/Downloads/asuro-code-212-tags-2.8.0-rc2/lib/inc
Reading and parsing tag files
Preprocessing F:/Users/Peter/Downloads/asuro-code-212-tags-2.8.0-rc2/doc_en/intro.c...
Parsing file F:/Users/Peter/Downloads/asuro-code-212-tags-2.8.0-rc2/doc_en/intro.c...
Preprocessing F:/Users/Peter/Downloads/asuro-code-212-tags-2.8.0-rc2/lib/inc/asuro.h...
Parsing file F:/Users/Peter/Downloads/asuro-code-212-tags-2.8.0-rc2/lib/inc/asuro.h...
Preprocessing F:/Users/Peter/Downloads/asuro-code-212-tags-2.8.0-rc2/lib/inc/i2c.h...
Parsing file F:/Users/Peter/Downloads/asuro-code-212-tags-2.8.0-rc2/lib/inc/i2c.h...
Preprocessing F:/Users/Peter/Downloads/asuro-code-212-tags-2.8.0-rc2/lib/inc/lcd.h...
Parsing file F:/Users/Peter/Downloads/asuro-code-212-tags-2.8.0-rc2/lib/inc/lcd.h...
Preprocessing F:/Users/Peter/Downloads/asuro-code-212-tags-2.8.0-rc2/lib/inc/lcd_bpi216.h...
Parsing file F:/Users/Peter/Downloads/asuro-code-212-tags-2.8.0-rc2/lib/inc/lcd_bpi216.h...
Preprocessing F:/Users/Peter/Downloads/asuro-code-212-tags-2.8.0-rc2/lib/inc/myasuro.h...
Parsing file F:/Users/Peter/Downloads/asuro-code-212-tags-2.8.0-rc2/lib/inc/myasuro.h...
Preprocessing F:/Users/Peter/Downloads/asuro-code-212-tags-2.8.0-rc2/lib/inc/rc5.h...
Parsing file F:/Users/Peter/Downloads/asuro-code-212-tags-2.8.0-rc2/lib/inc/rc5.h...
Preprocessing F:/Users/Peter/Downloads/asuro-code-212-tags-2.8.0-rc2/lib/inc/ultrasonic.h...
Parsing file F:/Users/Peter/Downloads/asuro-code-212-tags-2.8.0-rc2/lib/inc/ultrasonic.h...
Building group list...
Building directory list...
Building namespace list...
Building file list...
Building class list...
Associating documentation with classes...
Computing nesting relations for classes...
Building example list...
Searching for enumerations...
Searching for documented typedefs...
Searching for members imported via using declarations...
Searching for included using directives...
Searching for documented variables...
Building member list...
Searching for friends...
Searching for documented defines...
Computing class inheritance relations...
Computing class usage relations...
Flushing cached template relations that have become invalid...
Creating members for template instances...
Computing class relations...
Add enum values to enums...
Searching for member function documentation...
Building page list...
Search for main page...
Computing page relations...
Determining the scope of groups...
Sorting lists...
Freeing entry tree
Determining which enums are documented
Computing member relations...
Building full member lists recursively...
Adding members to member groups.
Computing member references...
Inheriting documentation...
Generating disk names...
Adding source references...
Adding xrefitems...
Sorting member lists...
Computing dependencies between directories...
Generating citations page...
Counting data structures...
Resolving user defined references...
Finding anchors and sections in the documentation...
Combining using relations...
Adding members to index pages...
Generating style sheet...
Generating example documentation...
Generating file sources...
Generating code for file asuro.h...
Generating code for file i2c.h...
Generating code for file intro.c...
Generating code for file lcd.h...
Generating code for file lcd_bpi216.h...
Generating code for file myasuro.h...
Generating code for file rc5.h...
Generating code for file ultrasonic.h...
Generating file documentation...
Generating docs for file asuro.h...
Generating docs for file i2c.h...
Generating docs for file intro.c...
Generating docs for file lcd.h...
Generating docs for file lcd_bpi216.h...
Generating docs for file myasuro.h...
Generating docs for file rc5.h...
Generating docs for file ultrasonic.h...
Generating page documentation...
Generating group documentation...
Generating class documentation...
Generating namespace index...
Generating graph info page...
Generating directory documentation...
Generating dependency graph for directory inc
Generating dependency graph for directory lib
Generating index page...
Generating page index...
Generating module index...
Generating namespace index...
Generating namespace member index...
Generating annotated compound index...
Generating alphabetical compound index...
Generating hierarchical class index...
Generating graphical class hierarchy...
Generating member index...
Generating file index...
Generating file member index...
Generating example index...
finalizing index lists...
Generating dot graphs using 5 parallel threads...
Running dot for graph 1/10
Running dot for graph 2/10
Running dot for graph 3/10
Running dot for graph 4/10
Running dot for graph 5/10
Running dot for graph 6/10
Running dot for graph 7/10
Running dot for graph 8/10
Running dot for graph 9/10
Running dot for graph 10/10
Patching output file 1/8
Patching output file 2/8
Patching output file 3/8
Patching output file 4/8
Patching output file 5/8
Patching output file 6/8
Patching output file 7/8
Patching output file 8/8
symbol cache used 234/65536 hits=5238 misses=234
lookup cache used 234/65536 hits=431 misses=234
finished...
