Searching for include files...
Searching for example files...
Searching for files in directory F:/Users/Peter/Downloads/asuro-code-212-tags-2.8.0-rc2
Searching for images...
Searching for files in directory F:/Users/Peter/Downloads/asuro-code-212-tags-2.8.0-rc2/doc
Searching for dot files...
Searching for msc files...
Searching for files to exclude
Searching for files to process...
Searching for files in directory F:/Users/Peter/Downloads/asuro-code-212-tags-2.8.0-rc2/doc
Searching for files in directory F:/Users/Peter/Downloads/asuro-code-212-tags-2.8.0-rc2/lib
Searching for files in directory F:/Users/Peter/Downloads/asuro-code-212-tags-2.8.0-rc2/lib/inc
Reading and parsing tag files
Preprocessing F:/Users/Peter/Downloads/asuro-code-212-tags-2.8.0-rc2/doc/intro.c...
Parsing file F:/Users/Peter/Downloads/asuro-code-212-tags-2.8.0-rc2/doc/intro.c...
Preprocessing F:/Users/Peter/Downloads/asuro-code-212-tags-2.8.0-rc2/lib/adc.c...
Parsing file F:/Users/Peter/Downloads/asuro-code-212-tags-2.8.0-rc2/lib/adc.c...
Preprocessing F:/Users/Peter/Downloads/asuro-code-212-tags-2.8.0-rc2/lib/adc_low.c...
Parsing file F:/Users/Peter/Downloads/asuro-code-212-tags-2.8.0-rc2/lib/adc_low.c...
Preprocessing F:/Users/Peter/Downloads/asuro-code-212-tags-2.8.0-rc2/lib/asuro.c...
Parsing file F:/Users/Peter/Downloads/asuro-code-212-tags-2.8.0-rc2/lib/asuro.c...
Preprocessing F:/Users/Peter/Downloads/asuro-code-212-tags-2.8.0-rc2/lib/encoder.c...
Parsing file F:/Users/Peter/Downloads/asuro-code-212-tags-2.8.0-rc2/lib/encoder.c...
Preprocessing F:/Users/Peter/Downloads/asuro-code-212-tags-2.8.0-rc2/lib/encoder_low.c...
Parsing file F:/Users/Peter/Downloads/asuro-code-212-tags-2.8.0-rc2/lib/encoder_low.c...
Preprocessing F:/Users/Peter/Downloads/asuro-code-212-tags-2.8.0-rc2/lib/globals.c...
Parsing file F:/Users/Peter/Downloads/asuro-code-212-tags-2.8.0-rc2/lib/globals.c...
Preprocessing F:/Users/Peter/Downloads/asuro-code-212-tags-2.8.0-rc2/lib/i2c.c...
Parsing file F:/Users/Peter/Downloads/asuro-code-212-tags-2.8.0-rc2/lib/i2c.c...
Preprocessing F:/Users/Peter/Downloads/asuro-code-212-tags-2.8.0-rc2/lib/lcd.c...
Parsing file F:/Users/Peter/Downloads/asuro-code-212-tags-2.8.0-rc2/lib/lcd.c...
Preprocessing F:/Users/Peter/Downloads/asuro-code-212-tags-2.8.0-rc2/lib/lcd_bpi216.c...
Parsing file F:/Users/Peter/Downloads/asuro-code-212-tags-2.8.0-rc2/lib/lcd_bpi216.c...
Preprocessing F:/Users/Peter/Downloads/asuro-code-212-tags-2.8.0-rc2/lib/leds.c...
Parsing file F:/Users/Peter/Downloads/asuro-code-212-tags-2.8.0-rc2/lib/leds.c...
Preprocessing F:/Users/Peter/Downloads/asuro-code-212-tags-2.8.0-rc2/lib/motor.c...
Parsing file F:/Users/Peter/Downloads/asuro-code-212-tags-2.8.0-rc2/lib/motor.c...
Preprocessing F:/Users/Peter/Downloads/asuro-code-212-tags-2.8.0-rc2/lib/motor_low.c...
Parsing file F:/Users/Peter/Downloads/asuro-code-212-tags-2.8.0-rc2/lib/motor_low.c...
Preprocessing F:/Users/Peter/Downloads/asuro-code-212-tags-2.8.0-rc2/lib/my_motor_low.c...
Parsing file F:/Users/Peter/Downloads/asuro-code-212-tags-2.8.0-rc2/lib/my_motor_low.c...
Preprocessing F:/Users/Peter/Downloads/asuro-code-212-tags-2.8.0-rc2/lib/print.c...
Parsing file F:/Users/Peter/Downloads/asuro-code-212-tags-2.8.0-rc2/lib/print.c...
Preprocessing F:/Users/Peter/Downloads/asuro-code-212-tags-2.8.0-rc2/lib/printf.c...
Parsing file F:/Users/Peter/Downloads/asuro-code-212-tags-2.8.0-rc2/lib/printf.c...
Preprocessing F:/Users/Peter/Downloads/asuro-code-212-tags-2.8.0-rc2/lib/rc5.c...
Parsing file F:/Users/Peter/Downloads/asuro-code-212-tags-2.8.0-rc2/lib/rc5.c...
Preprocessing F:/Users/Peter/Downloads/asuro-code-212-tags-2.8.0-rc2/lib/sound.c...
Parsing file F:/Users/Peter/Downloads/asuro-code-212-tags-2.8.0-rc2/lib/sound.c...
Preprocessing F:/Users/Peter/Downloads/asuro-code-212-tags-2.8.0-rc2/lib/switches.c...
Parsing file F:/Users/Peter/Downloads/asuro-code-212-tags-2.8.0-rc2/lib/switches.c...
Preprocessing F:/Users/Peter/Downloads/asuro-code-212-tags-2.8.0-rc2/lib/time.c...
Parsing file F:/Users/Peter/Downloads/asuro-code-212-tags-2.8.0-rc2/lib/time.c...
Preprocessing F:/Users/Peter/Downloads/asuro-code-212-tags-2.8.0-rc2/lib/uart.c...
Parsing file F:/Users/Peter/Downloads/asuro-code-212-tags-2.8.0-rc2/lib/uart.c...
Preprocessing F:/Users/Peter/Downloads/asuro-code-212-tags-2.8.0-rc2/lib/ultrasonic.c...
Parsing file F:/Users/Peter/Downloads/asuro-code-212-tags-2.8.0-rc2/lib/ultrasonic.c...
Preprocessing F:/Users/Peter/Downloads/asuro-code-212-tags-2.8.0-rc2/lib/version.c...
Parsing file F:/Users/Peter/Downloads/asuro-code-212-tags-2.8.0-rc2/lib/version.c...
Preprocessing F:/Users/Peter/Downloads/asuro-code-212-tags-2.8.0-rc2/lib/inc/asuro.h...
Parsing file F:/Users/Peter/Downloads/asuro-code-212-tags-2.8.0-rc2/lib/inc/asuro.h...
Preprocessing F:/Users/Peter/Downloads/asuro-code-212-tags-2.8.0-rc2/lib/inc/i2c.h...
Parsing file F:/Users/Peter/Downloads/asuro-code-212-tags-2.8.0-rc2/lib/inc/i2c.h...
Preprocessing F:/Users/Peter/Downloads/asuro-code-212-tags-2.8.0-rc2/lib/inc/lcd.h...
Parsing file F:/Users/Peter/Downloads/asuro-code-212-tags-2.8.0-rc2/lib/inc/lcd.h...
Preprocessing F:/Users/Peter/Downloads/asuro-code-212-tags-2.8.0-rc2/lib/inc/lcd_bpi216.h...
Parsing file F:/Users/Peter/Downloads/asuro-code-212-tags-2.8.0-rc2/lib/inc/lcd_bpi216.h...
Preprocessing F:/Users/Peter/Downloads/asuro-code-212-tags-2.8.0-rc2/lib/inc/myasuro.h...
Parsing file F:/Users/Peter/Downloads/asuro-code-212-tags-2.8.0-rc2/lib/inc/myasuro.h...
Preprocessing F:/Users/Peter/Downloads/asuro-code-212-tags-2.8.0-rc2/lib/inc/rc5.h...
Parsing file F:/Users/Peter/Downloads/asuro-code-212-tags-2.8.0-rc2/lib/inc/rc5.h...
Preprocessing F:/Users/Peter/Downloads/asuro-code-212-tags-2.8.0-rc2/lib/inc/ultrasonic.h...
Parsing file F:/Users/Peter/Downloads/asuro-code-212-tags-2.8.0-rc2/lib/inc/ultrasonic.h...
Building group list...
Building directory list...
Building namespace list...
Building file list...
Building class list...
Associating documentation with classes...
Computing nesting relations for classes...
Building example list...
Searching for enumerations...
Searching for documented typedefs...
Searching for members imported via using declarations...
Searching for included using directives...
Searching for documented variables...
Building member list...
Searching for friends...
Searching for documented defines...
Computing class inheritance relations...
Computing class usage relations...
Flushing cached template relations that have become invalid...
Creating members for template instances...
Computing class relations...
Add enum values to enums...
Searching for member function documentation...
Building page list...
Search for main page...
Computing page relations...
Determining the scope of groups...
Sorting lists...
Freeing entry tree
Determining which enums are documented
Computing member relations...
Building full member lists recursively...
Adding members to member groups.
Computing member references...
Inheriting documentation...
Generating disk names...
Adding source references...
Adding xrefitems...
Sorting member lists...
Computing dependencies between directories...
Generating citations page...
Counting data structures...
Resolving user defined references...
Finding anchors and sections in the documentation...
Combining using relations...
Adding members to index pages...
Generating style sheet...
Generating example documentation...
Generating file sources...
Generating code for file adc.c...
Generating code for file adc_low.c...
Generating code for file asuro.c...
Generating code for file asuro.h...
Generating code for file encoder.c...
Generating code for file encoder_low.c...
Generating code for file globals.c...
Generating code for file i2c.c...
Generating code for file i2c.h...
Generating code for file intro.c...
Generating code for file lcd.c...
Generating code for file lcd.h...
Generating code for file lcd_bpi216.c...
Generating code for file lcd_bpi216.h...
Generating code for file leds.c...
Generating code for file motor.c...
Generating code for file motor_low.c...
Generating code for file my_motor_low.c...
Generating code for file myasuro.h...
Generating code for file print.c...
Generating code for file printf.c...
Generating code for file rc5.c...
Generating code for file rc5.h...
Generating code for file sound.c...
Generating code for file switches.c...
Generating code for file time.c...
Generating code for file uart.c...
Generating code for file ultrasonic.c...
Generating code for file ultrasonic.h...
Generating code for file version.c...
Generating file documentation...
Generating docs for file adc.c...
Generating docs for file adc_low.c...
Generating docs for file asuro.c...
Generating docs for file asuro.h...
Generating docs for file encoder.c...
Generating docs for file encoder_low.c...
Generating docs for file globals.c...
Generating docs for file i2c.c...
Generating docs for file i2c.h...
Generating docs for file intro.c...
Generating docs for file lcd.c...
Generating docs for file lcd.h...
Generating docs for file lcd_bpi216.c...
Generating docs for file lcd_bpi216.h...
Generating docs for file leds.c...
Generating docs for file motor.c...
Generating docs for file motor_low.c...
Generating docs for file my_motor_low.c...
Generating docs for file myasuro.h...
Generating docs for file print.c...
Generating docs for file printf.c...
Generating docs for file rc5.c...
Generating docs for file rc5.h...
Generating docs for file sound.c...
Generating docs for file switches.c...
Generating docs for file time.c...
Generating docs for file uart.c...
Generating docs for file ultrasonic.c...
Generating docs for file ultrasonic.h...
Generating docs for file version.c...
Generating page documentation...
Generating group documentation...
Generating class documentation...
Generating namespace index...
Generating graph info page...
Generating directory documentation...
Generating dependency graph for directory inc
Generating dependency graph for directory lib
Generating index page...
Generating page index...
Generating module index...
Generating namespace index...
Generating namespace member index...
Generating annotated compound index...
Generating alphabetical compound index...
Generating hierarchical class index...
Generating graphical class hierarchy...
Generating member index...
Generating file index...
Generating file member index...
Generating example index...
finalizing index lists...
Generating dot graphs using 5 parallel threads...
Running dot for graph 1/37
Running dot for graph 2/37
Running dot for graph 3/37
Running dot for graph 4/37
Running dot for graph 5/37
Running dot for graph 6/37
Running dot for graph 7/37
Running dot for graph 8/37
Running dot for graph 9/37
Running dot for graph 10/37
Running dot for graph 11/37
Running dot for graph 12/37
Running dot for graph 13/37
Running dot for graph 14/37
Running dot for graph 15/37
Running dot for graph 16/37
Running dot for graph 17/37
Running dot for graph 18/37
Running dot for graph 19/37
Running dot for graph 20/37
Running dot for graph 21/37
Running dot for graph 22/37
Running dot for graph 23/37
Running dot for graph 24/37
Running dot for graph 25/37
Running dot for graph 26/37
Running dot for graph 27/37
Running dot for graph 28/37
Running dot for graph 29/37
Running dot for graph 30/37
Running dot for graph 31/37
Running dot for graph 32/37
Running dot for graph 33/37
Running dot for graph 34/37
Running dot for graph 35/37
Running dot for graph 36/37
Running dot for graph 37/37
Patching output file 1/31
Patching output file 2/31
Patching output file 3/31
Patching output file 4/31
Patching output file 5/31
Patching output file 6/31
Patching output file 7/31
Patching output file 8/31
Patching output file 9/31
Patching output file 10/31
Patching output file 11/31
Patching output file 12/31
Patching output file 13/31
Patching output file 14/31
Patching output file 15/31
Patching output file 16/31
Patching output file 17/31
Patching output file 18/31
Patching output file 19/31
Patching output file 20/31
Patching output file 21/31
Patching output file 22/31
Patching output file 23/31
Patching output file 24/31
Patching output file 25/31
Patching output file 26/31
Patching output file 27/31
Patching output file 28/31
Patching output file 29/31
Patching output file 30/31
Patching output file 31/31
symbol cache used 325/65536 hits=15052 misses=325
lookup cache used 252/65536 hits=1136 misses=252
finished...
